make all --print-data-base --no-builtin-variables --no-builtin-rules --question
# GNU Make 4.2.1
# Built for x86_64-pc-linux-gnu
# Copyright (C) 1988-2016 Free Software Foundation, Inc.
# License GPLv3+: GNU GPL version 3 or later <http://gnu.org/licenses/gpl.html>
# This is free software: you are free to change and redistribute it.
# There is NO WARRANTY, to the extent permitted by law.

# Make data base, printed on Thu May 26 05:55:30 2022

# Variables

# 'override' directive
GNUMAKEFLAGS := 
# automatic
<D = $(patsubst %/,%,$(dir $<))
# automatic
?F = $(notdir $?)
# environment
DESKTOP_SESSION = ubuntu
# default
.SHELLFLAGS := -c
# makefile (from 'makefile', line 4)
OBJ = obj
# environment
XDG_SESSION_CLASS = user
# makefile (from 'makefile', line 1)
SRC = src
# environment
XDG_SESSION_TYPE = x11
# environment
VSCODE_LOG_NATIVE = false
# automatic
?D = $(patsubst %/,%,$(dir $?))
 
# environment
IM_CONFIG_PHASE = 1
# automatic
@D = $(patsubst %/,%,$(dir $@))
# environment
XAUTHORITY = /run/user/1000/gdm/Xauthority
# environment
GDMSESSION = ubuntu
# environment
XMODIFIERS = @im=ibus
# makefile
CURDIR := /home/kripxera/Escritorio/Proyectos/Fractales/Fractal Simple
# makefile
SHELL = /bin/sh
# makefile (from 'makefile', line 5)
BIN = bin
# environment
VSCODE_NLS_CONFIG = {"locale":"es","availableLanguages":{},"_languagePackSupport":true}
# environment
_ = /usr/share/code/code
# environment
JOURNAL_STREAM = 8:37572
# environment
XDG_CONFIG_DIRS = /etc/xdg/xdg-ubuntu:/etc/xdg
# makefile (from 'makefile', line 1)
MAKEFILE_LIST :=  makefile
# automatic
@F = $(notdir $@)
# environment
GIO_LAUNCHED_DESKTOP_FILE = /usr/share/applications/code.desktop
# environment
USERNAME = kripxera
# environment
XDG_DATA_DIRS = /usr/share/ubuntu:/usr/local/share/:/usr/share/:/var/lib/snapd/desktop
# environment
DBUS_SESSION_BUS_ADDRESS = unix:path=/run/user/1000/bus
# environment
VSCODE_VERBOSE_LOGGING = true
# makefile (from 'makefile', line 7)
CPPFLAGS = -Wall -g -fopenmp -I$(INC) -c --std=c++14
# environment
MANAGERPID = 1846
# environment
LESSOPEN = | /usr/bin/lesspipe %s
# environment
VSCODE_CWD = /home/kripxera
# default
MAKE_HOST := x86_64-pc-linux-gnu
# environment
PATH = /usr/local/sbin:/usr/local/bin:/usr/sbin:/usr/bin:/sbin:/bin:/usr/games:/usr/local/games:/snap/bin
# environment
GPG_AGENT_INFO = /run/user/1000/gnupg/S.gpg-agent:0:1
# environment
SESSION_MANAGER = local/kripxera-ROG-Strix-G531GT-G531GT:@/tmp/.ICE-unix/2106,unix/kripxera-ROG-Strix-G531GT-G531GT:/tmp/.ICE-unix/2106
# environment
XDG_RUNTIME_DIR = /run/user/1000
# environment
XDG_MENU_PREFIX = gnome-
# environment
VSCODE_LOG_STACK = false
# environment
ELECTRON_RUN_AS_NODE = 1
# environment
INVOCATION_ID = 30d0e1dce6fe485f914c1f348a99faee
# default
.FEATURES := target-specific order-only second-expansion else-if shortest-stem undefine oneshell archives jobserver output-sync check-symlink load
# environment
LS_COLORS = 
# environment
XDG_SESSION_DESKTOP = ubuntu
# environment
SSH_AUTH_SOCK = /run/user/1000/keyring/ssh
# environment
GIO_LAUNCHED_DESKTOP_FILE_PID = 329541
# automatic
%F = $(notdir $%)
# environment
DISPLAY = :1
# environment
VSCODE_PIPE_LOGGING = true
# environment
PWD = /home/kripxera/Escritorio/Proyectos/Fractales/Fractal Simple
# default
.LOADED := 
# environment
SSH_AGENT_PID = 2072
# environment
ORIGINAL_XDG_CURRENT_DESKTOP = ubuntu:GNOME
# environment
GTK_MODULES = gail:atk-bridge
# environment
VSCODE_AMD_ENTRYPOINT = vs/workbench/api/node/extensionHostProcess
# environment
HOME = /home/kripxera
# environment
LESSCLOSE = /usr/bin/lesspipe %s %s
# environment
VSCODE_CODE_CACHE_PATH = /home/kripxera/.config/Code/CachedData/c3511e6c69bb39013c4a4b7b9566ec1ca73fc4d5
# environment
LOGNAME = kripxera
# environment
APPLICATION_INSIGHTS_NO_DIAGNOSTIC_CHANNEL = 1
# environment
VSCODE_HANDLES_UNCAUGHT_ERRORS = true
# environment
GNOME_DESKTOP_SESSION_ID = this-is-deprecated
# automatic
^D = $(patsubst %/,%,$(dir $^))
# environment
MAKELEVEL := 0
# default
MAKE = $(MAKE_COMMAND)
# default
MAKECMDGOALS := all
# environment
QT_IM_MODULE = ibus
# environment
SHLVL = 0
# environment
GNOME_SHELL_SESSION_MODE = ubuntu
# environment
VSCODE_IPC_HOOK_EXTHOST = /run/user/1000/vscode-ipc-fb4362f4-4677-484b-8e5d-4ef4d0c99905.sock
# default
MAKE_VERSION := 4.2.1
# environment
USER = kripxera
# makefile
.DEFAULT_GOAL := all
# environment
XDG_CURRENT_DESKTOP = Unity
# automatic
%D = $(patsubst %/,%,$(dir $%))
# default
MAKE_COMMAND := make
# makefile (from 'makefile', line 2)
INC = include
# default
.VARIABLES := 
# automatic
*F = $(notdir $*)
# environment
VSCODE_IPC_HOOK = /run/user/1000/vscode-c043bae2-1.67.2-main.sock
# makefile
MAKEFLAGS = pqrR
# environment
MFLAGS = -pqrR
# automatic
*D = $(patsubst %/,%,$(dir $*))
# automatic
+D = $(patsubst %/,%,$(dir $+))
# environment
GDK_BACKEND = x11
# automatic
+F = $(notdir $+)
# environment
QT_ACCESSIBILITY = 1
# default
MAKEFILES := 
# automatic
<F = $(notdir $<)
# makefile (from 'makefile', line 6)
CXX = g++
# environment
LC_ALL = C
# environment
GJS_DEBUG_TOPICS = JS ERROR;JS LOG
# automatic
^F = $(notdir $^)
# default
SUFFIXES := 
# environment
CHROME_DESKTOP = code-url-handler.desktop
# environment
WINDOWPATH = 2
# default
.INCLUDE_DIRS = /usr/include /usr/local/include /usr/include
# environment
GJS_DEBUG_OUTPUT = stderr
# default
.RECIPEPREFIX := 
# environment
LANG = C
# environment
VSCODE_PID = 329541
# variable set hash-table stats:
# Load=103/1024=10%, Rehash=0, Collisions=23/147=16%

# Pattern-specific Variable Values

# No pattern-specific variable values.

# Directories

# . (device 2051, inode 8915512): 50 files, no impossibilities.

 
# 50 files, no impossibilities in 1 directories.

# Implicit Rules

# No implicit rules.

# Files

mrproper: clean
#  Implicit rule search has not been done.
#  Modification time never checked.
#  File has not been updated.
#  recipe to execute (from 'makefile', line 36):
	-rm $(BIN)/* 

all: bin/main
#  Command line target.
#  Implicit rule search has not been done.
#  Last modified 2514-05-30 03:53:03.107374182
#  File has been updated.
#  Successfully updated.
#  recipe to execute (from 'makefile', line 10):
	

# Not a target:
src/complex_n.cpp:
#  Implicit rule search has been done.
#  Last modified 2022-05-09 15:46:49.915347372
#  File has been updated.
#  Successfully updated.

# Not a target:
src/bitmap.cpp:
#  Implicit rule search has been done.
#  Last modified 2022-05-26 01:00:54.318144762
#  File has been updated.
#  Successfully updated.

obj/main.o: src/main.cpp include/complex_n.h include/bitmap.h
#  Implicit rule search has not been done.
#  Last modified 2022-05-26 05:35:28.410483289
#  File has been updated.
#  Successfully updated.
#  recipe to execute (from 'makefile', line 18):
	$(CXX) $(CPPFLAGS)  $(SRC)/main.cpp -o  $(OBJ)/main.o 

# Not a target:
makefile:
#  Implicit rule search has been done.
#  Last modified 2022-05-23 20:08:28.046033902
#  File has been updated.
#  Successfully updated.

# Not a target:
include/color.h:
#  Implicit rule search has been done.
#  Last modified 2022-05-23 20:59:14.257648832
#  File has been updated.
#  Successfully updated.

# Not a target:
.DEFAULT:
#  Implicit rule search has not been done.
#  Modification time never checked.
#  File has not been updated.

obj/complex_n.o: src/complex_n.cpp include/complex_n.h
#  Implicit rule search has not been done.
#  Last modified 2022-05-26 02:12:45.775450283
#  File has been updated.
#  Successfully updated.
#  recipe to execute (from 'makefile', line 24):
	$(CXX) $(CPPFLAGS)  $(SRC)/complex_n.cpp -o  $(OBJ)/complex_n.o

obj/bitmap.o: src/bitmap.cpp include/bitmap.h
#  Implicit rule search has not been done.
 
#  Last modified 2022-05-26 02:12:45.799450258
#  File has been updated.
#  Successfully updated.
#  recipe to execute (from 'makefile', line 21):
	$(CXX) $(CPPFLAGS)  $(SRC)/bitmap.cpp -o  $(OBJ)/bitmap.o	

clean:
#  Implicit rule search has not been done.
#  Modification time never checked.
#  File has not been updated.
#  recipe to execute (from 'makefile', line 33):
	-rm $(OBJ)/*

# Not a target:
src/main.cpp:
#  Implicit rule search has been done.
#  Last modified 2022-05-26 05:35:26.362486894
#  File has been updated.
#  Successfully updated.

obj/color.o: src/color.cpp include/color.h
#  Implicit rule search has not been done.
#  Last modified 2022-05-26 02:12:45.8554502
#  File has been updated.
#  Successfully updated.
#  recipe to execute (from 'makefile', line 27):
	$(CXX) $(CPPFLAGS) $(SRC)/color.cpp -o $(OBJ)/color.o

# Not a target:
src/color.cpp:
#  Implicit rule search has been done.
#  Last modified 2022-05-23 20:57:53.793914965
#  File has been updated.
#  Successfully updated.

bin/main: obj/main.o obj/complex_n.o obj/bitmap.o obj/color.o
#  Implicit rule search has not been done.
#  Last modified 2022-05-26 05:35:28.462483198
#  File has been updated.
#  Successfully updated.
#  recipe to execute (from 'makefile', line 14):
	$(CXX) -o $(BIN)/main -fopenmp $(OBJ)/main.o $(OBJ)/complex_n.o \
	$(OBJ)/bitmap.o $(OBJ)/color.o

# Not a target:
include/complex_n.h:
#  Implicit rule search has been done.
#  Last modified 2021-12-24 20:18:05
#  File has been updated.
#  Successfully updated.

# Not a target:
include/bitmap.h:
#  Implicit rule search has been done.
#  Last modified 2022-05-09 21:49:31.749506504
#  File has been updated.
#  Successfully updated.

# files hash-table stats:
# Load=18/1024=2%, Rehash=0, Collisions=3/49=6%
# VPATH Search Paths

# No 'vpath' search paths.

# No general ('VPATH' variable) search path.

 
# strcache buffers: 1 (0) / strings = 69 / storage = 561 B / avg = 8 B
# current buf: size = 8162 B / used = 561 B / count = 69 / avg = 8 B

# strcache performance: lookups = 90 / hit rate = 23%
# hash-table stats:
# Load=69/8192=1%, Rehash=0, Collisions=10/90=11%
# Finished Make data base on Thu May 26 05:55:30 2022

 
